[debug] [2024-03-11T11:05:43.014Z] ----------------------------------------------------------------------
[debug] [2024-03-11T11:05:43.016Z] Command:       D:\node.exe C:\Users\Alba\AppData\Roaming\npm\node_modules\firebase-tools\lib\bin\firebase.js login
[debug] [2024-03-11T11:05:43.016Z] CLI Version:   13.4.1
[debug] [2024-03-11T11:05:43.017Z] Platform:      win32
[debug] [2024-03-11T11:05:43.017Z] Node Version:  v18.16.0
[debug] [2024-03-11T11:05:43.017Z] Time:          Mon Mar 11 2024 12:05:43 GMT+0100 (hora estándar de Europa central)
[debug] [2024-03-11T11:05:43.018Z] ----------------------------------------------------------------------
[debug] 
[debug] [2024-03-11T11:05:43.020Z] >>> [apiv2][query] GET https://firebase-public.firebaseio.com/cli.json [none]
[info] i  Firebase optionally collects CLI and Emulator Suite usage and error reporting information to help improve our products. Data is collected in accordance with Google's privacy policy (https://policies.google.com/privacy) and is not used to identify you.
 
[debug] [2024-03-11T11:05:43.665Z] <<< [apiv2][status] GET https://firebase-public.firebaseio.com/cli.json 200
[debug] [2024-03-11T11:05:43.666Z] <<< [apiv2][body] GET https://firebase-public.firebaseio.com/cli.json {"cloudBuildErrorAfter":1594252800000,"cloudBuildWarnAfter":1590019200000,"defaultNode10After":1594252800000,"minVersion":"3.0.5","node8DeploysDisabledAfter":1613390400000,"node8RuntimeDisabledAfter":1615809600000,"node8WarnAfter":1600128000000}
[info] i  To change your data collection preference at any time, run `firebase logout` and log in again. 
[info] 
[info] Visit this URL on this device to log in:
[info] https://accounts.google.com/o/oauth2/auth?client_id=563584335869-fgrhgmd47bqnekij5i8b5pr03ho849e6.apps.googleusercontent.com&scope=email%20openid%20https%3A%2F%2Fwww.googleapis.com%2Fauth%2Fcloudplatformprojects.readonly%20https%3A%2F%2Fwww.googleapis.com%2Fauth%2Ffirebase%20https%3A%2F%2Fwww.googleapis.com%2Fauth%2Fcloud-platform&response_type=code&state=1057411868&redirect_uri=http%3A%2F%2Flocalhost%3A9005
[info] 
[info] Waiting for authentication...
[debug] [2024-03-11T11:07:45.171Z] ----------------------------------------------------------------------
[debug] [2024-03-11T11:07:45.173Z] Command:       D:\node.exe C:\Users\Alba\AppData\Roaming\npm\node_modules\firebase-tools\lib\bin\firebase.js login
[debug] [2024-03-11T11:07:45.173Z] CLI Version:   13.4.1
[debug] [2024-03-11T11:07:45.173Z] Platform:      win32
[debug] [2024-03-11T11:07:45.174Z] Node Version:  v18.16.0
[debug] [2024-03-11T11:07:45.174Z] Time:          Mon Mar 11 2024 12:07:45 GMT+0100 (hora estándar de Europa central)
[debug] [2024-03-11T11:07:45.174Z] ----------------------------------------------------------------------
[debug] 
[info] i  Firebase optionally collects CLI and Emulator Suite usage and error reporting information to help improve our products. Data is collected in accordance with Google's privacy policy (https://policies.google.com/privacy) and is not used to identify you.
 
[info] 
[info] Visit this URL on this device to log in:
[info] https://accounts.google.com/o/oauth2/auth?client_id=563584335869-fgrhgmd47bqnekij5i8b5pr03ho849e6.apps.googleusercontent.com&scope=email%20openid%20https%3A%2F%2Fwww.googleapis.com%2Fauth%2Fcloudplatformprojects.readonly%20https%3A%2F%2Fwww.googleapis.com%2Fauth%2Ffirebase%20https%3A%2F%2Fwww.googleapis.com%2Fauth%2Fcloud-platform&response_type=code&state=495728379&redirect_uri=http%3A%2F%2Flocalhost%3A9005
[info] 
[info] Waiting for authentication...
